GDRE Tools v2.1.0
Windows 10.0.26200, AMD Radeon(TM) Vega 3 Graphics, vulkan
WARNING: Could not find embedded pck in EXE, found pck file, loading from: C:/Users/Administrator/Desktop/Blue Sky_01.08.24PP.pck
   at: GDRESettings::sort_and_validate_pck_files (modules\gdsdecomp\utility\gdre_settings.cpp:567)
Opening file: C:/Users/Administrator/Desktop/Blue Sky_01.08.24PP.pck
Guessing bytecode revision from engine version: 4.2.2 (rev 0x77af6ca)
Loaded 20 imported files
Detected Engine Version: 4.2.2
Detected Bytecode Revision: 4.3.0-stable (77af6ca)
Verified 53 files, no errors detected!
WARNING: GDREWindow: Setting process to true
   at: GDREWindow::call_on_next_process (modules\gdsdecomp\gui\gdre_window.cpp:77)
Extracted 53 files, no errors detected!
Saved project config.


********************************EXPORT REPORT********************************

Totals:                                 
Decompiled scripts:                     0
Failed scripts:                         0
Imported resources for export session:  20
Successfully converted:                 20
Lossy:                                  1
Rewrote metadata:                       11
Non-importable conversions:             0
Not converted:                          0
Failed conversions:                     0
-------------



------------------------------------------------------------------------------------

Use Godot editor version 4.2.2 to edit the project.
Note: the project may be using a custom version of Godot. Detection for this has not been implemented yet.
If you find that you have many non-import errors upon opening the project 
(i.e. scripts or shaders have many errors), use the original game's binary as the export template.

*******************************************************************************

